<?xml version="1.0" encoding="UTF-8"?>
<testng-results skipped="0" failed="0" total="1" passed="1">
  <reporter-output>
  </reporter-output>
  <suite name="com.my.TestNG by packages" duration-ms="34806" started-at="2016-10-19T14:11:53Z" finished-at="2016-10-19T14:12:28Z">
    <groups>
    </groups>
    <test name="com.my.first" duration-ms="34806" started-at="2016-10-19T14:11:53Z" finished-at="2016-10-19T14:12:28Z">
      <class name="com.my.first.FirstTest">
        <test-method status="PASS" signature="setUp()[pri:0, instance:com.my.first.FirstTest@369f0df0]" name="setUp" is-config="true" duration-ms="24138" started-at="2016-10-19T17:11:53Z" finished-at="2016-10-19T17:12:18Z">
          <reporter-output>
          </reporter-output>
        </test-method> <!-- setUp -->
        <test-method status="PASS" signature="testOne()[pri:0, instance:com.my.first.FirstTest@369f0df0]" name="testOne" duration-ms="3977" started-at="2016-10-19T17:12:18Z" finished-at="2016-10-19T17:12:22Z">
          <reporter-output>
          </reporter-output>
        </test-method> <!-- testOne -->
        <test-method status="PASS" signature="tearDown()[pri:0, instance:com.my.first.FirstTest@369f0df0]" name="tearDown" is-config="true" duration-ms="6675" started-at="2016-10-19T17:12:22Z" finished-at="2016-10-19T17:12:28Z">
          <reporter-output>
          </reporter-output>
        </test-method> <!-- tearDown -->
      </class> <!-- com.my.first.FirstTest -->
    </test> <!-- com.my.first -->
  </suite> <!-- com.my.TestNG by packages -->
</testng-results>
