<?xml version="1.0" encoding="UTF-8"?>
<testng-results skipped="0" failed="0" total="0" passed="0">
  <reporter-output>
  </reporter-output>
  <suite name="com.my.TestNG by packages" duration-ms="7" started-at="2016-10-18T17:43:21Z" finished-at="2016-10-18T17:43:22Z">
    <groups>
    </groups>
    <test name="com.my.first" duration-ms="7" started-at="2016-10-18T17:43:21Z" finished-at="2016-10-18T17:43:22Z">
    </test> <!-- com.my.first -->
  </suite> <!-- com.my.TestNG by packages -->
</testng-results>
